<?xml version="1.0" encoding="UTF-8"?>
<!-- Generated by org.testng.reporters.JUnitXMLReporter -->
<testsuite ignored="8" hostname="INBOOK_X1_SLIM" failures="0" tests="5" name="Test" time="43.308" errors="0" timestamp="2023-04-07T09:15:01 IST">
  <testcase classname="TestScript.Script1" name="individualHomeRegistration" time="4.492"/>
  <testcase classname="TestScript.Script5" name="script5" time="5.18"/>
  <testcase classname="TestScript.Script4" name="script4" time="17.334"/>
  <testcase classname="TestScript.Script3" name="script3" time="1.511"/>
  <testcase classname="TestScript.Script2" name="script2" time="3.919"/>
  <testcase classname="com.GenericUtility.BaseClass" name="@AfterSuite suiteTearDown" time="0.0">
    <ignored/>
  </testcase> <!-- @AfterSuite suiteTearDown -->
  <testcase classname="com.GenericUtility.BaseClass" name="@AfterSuite suiteTearDown" time="0.0">
    <ignored/>
  </testcase> <!-- @AfterSuite suiteTearDown -->
  <testcase classname="com.GenericUtility.BaseClass" name="@AfterSuite suiteTearDown" time="0.0">
    <ignored/>
  </testcase> <!-- @AfterSuite suiteTearDown -->
  <testcase classname="com.GenericUtility.BaseClass" name="@AfterSuite suiteTearDown" time="0.0">
    <ignored/>
  </testcase> <!-- @AfterSuite suiteTearDown -->
  <testcase classname="com.GenericUtility.BaseClass" name="@BeforeSuite suiteConfiguration" time="0.0">
    <ignored/>
  </testcase> <!-- @BeforeSuite suiteConfiguration -->
  <testcase classname="com.GenericUtility.BaseClass" name="@BeforeSuite suiteConfiguration" time="0.0">
    <ignored/>
  </testcase> <!-- @BeforeSuite suiteConfiguration -->
  <testcase classname="com.GenericUtility.BaseClass" name="@BeforeSuite suiteConfiguration" time="0.0">
    <ignored/>
  </testcase> <!-- @BeforeSuite suiteConfiguration -->
  <testcase classname="com.GenericUtility.BaseClass" name="@BeforeSuite suiteConfiguration" time="0.0">
    <ignored/>
  </testcase> <!-- @BeforeSuite suiteConfiguration -->
</testsuite> <!-- Test -->
