<?xml version="1.0" encoding="UTF-8"?>
<!-- Generated by org.testng.reporters.JUnitXMLReporter -->
<testsuite ignored="2" hostname="INBOOK_X1_SLIM" failures="0" tests="6" name="Test1" time="0.257" errors="0" timestamp="2023-03-27T13:15:48 IST">
  <testcase classname="Practice_Package.BaseClass" name="@BeforeSuite launchBrowser" time="-1.679903122441E9">
    <failure type="org.testng.TestNGException" message="
Parameter &amp;apos;BROWSER&amp;apos; is required by BeforeSuite on method launchBrowser but has not been marked @Optional or defined
in D:\workspace\HumenResourceApplication\CrossBrowserExecution.xml">
      <![CDATA[org.testng.TestNGException: 
Parameter 'BROWSER' is required by BeforeSuite on method launchBrowser but has not been marked @Optional or defined
in D:\workspace\HumenResourceApplication\CrossBrowserExecution.xml
... Removed 16 stack frames]]>
    </failure>
  </testcase> <!-- @BeforeSuite launchBrowser -->
  <testcase classname="Practice_Package.BaseClass" name="@BeforeClass launchBrowser" time="-1.679903148326E9">
    <skipped/>
  </testcase> <!-- @BeforeClass launchBrowser -->
  <testcase classname="Practice_Package.BaseClass" name="@BeforeMethod loginToApp" time="0.0">
    <failure type="java.lang.NullPointerException" message="Cannot invoke &amp;quot;org.openqa.selenium.WebDriver.findElement(org.openqa.selenium.By)&amp;quot; because &amp;quot;this.driver&amp;quot; is null">
      <![CDATA[java.lang.NullPointerException: Cannot invoke "org.openqa.selenium.WebDriver.findElement(org.openqa.selenium.By)" because "this.driver" is null
at Practice_Package.BaseClass.loginToApp(BaseClass.java:44)
at java.base/java.util.ArrayList.forEach(ArrayList.java:1511)
... Removed 31 stack frames]]>
    </failure>
  </testcase> <!-- @BeforeMethod loginToApp -->
  <testcase classname="Practice_Package.BaseClass" name="@AfterMethod logoutApp" time="-1.679903148353E9">
    <skipped/>
  </testcase> <!-- @AfterMethod logoutApp -->
  <testcase classname="Practice_Package.BaseClass" name="@BeforeMethod loginToApp" time="0.0">
    <failure type="java.lang.NullPointerException" message="Cannot invoke &amp;quot;org.openqa.selenium.WebDriver.findElement(org.openqa.selenium.By)&amp;quot; because &amp;quot;this.driver&amp;quot; is null">
      <![CDATA[java.lang.NullPointerException: Cannot invoke "org.openqa.selenium.WebDriver.findElement(org.openqa.selenium.By)" because "this.driver" is null
at Practice_Package.BaseClass.loginToApp(BaseClass.java:44)
at java.base/java.util.ArrayList.forEach(ArrayList.java:1511)
... Removed 31 stack frames]]>
    </failure>
  </testcase> <!-- @BeforeMethod loginToApp -->
  <testcase classname="Practice_Package.BaseClass" name="@AfterMethod logoutApp" time="-1.679903148425E9">
    <skipped/>
  </testcase> <!-- @AfterMethod logoutApp -->
  <testcase classname="Practice_Package.BaseClass" name="@AfterClass closeBrowser" time="-1.679903148431E9">
    <skipped/>
  </testcase> <!-- @AfterClass closeBrowser -->
  <testcase classname="Practice_Package.BaseClass" name="@BeforeClass launchBrowser" time="-1.67990314844E9">
    <skipped/>
  </testcase> <!-- @BeforeClass launchBrowser -->
  <testcase classname="Practice_Package.BaseClass" name="@BeforeMethod loginToApp" time="0.001">
    <failure type="java.lang.NullPointerException" message="Cannot invoke &amp;quot;org.openqa.selenium.WebDriver.findElement(org.openqa.selenium.By)&amp;quot; because &amp;quot;this.driver&amp;quot; is null">
      <![CDATA[java.lang.NullPointerException: Cannot invoke "org.openqa.selenium.WebDriver.findElement(org.openqa.selenium.By)" because "this.driver" is null
at Practice_Package.BaseClass.loginToApp(BaseClass.java:44)
at java.base/java.util.ArrayList.forEach(ArrayList.java:1511)
... Removed 31 stack frames]]>
    </failure>
  </testcase> <!-- @BeforeMethod loginToApp -->
  <testcase classname="Practice_Package.BaseClass" name="@AfterMethod logoutApp" time="-1.67990314847E9">
    <skipped/>
  </testcase> <!-- @AfterMethod logoutApp -->
  <testcase classname="Practice_Package.BaseClass" name="@BeforeMethod loginToApp" time="0.001">
    <failure type="java.lang.NullPointerException" message="Cannot invoke &amp;quot;org.openqa.selenium.WebDriver.findElement(org.openqa.selenium.By)&amp;quot; because &amp;quot;this.driver&amp;quot; is null">
      <![CDATA[java.lang.NullPointerException: Cannot invoke "org.openqa.selenium.WebDriver.findElement(org.openqa.selenium.By)" because "this.driver" is null
at Practice_Package.BaseClass.loginToApp(BaseClass.java:44)
at java.base/java.util.ArrayList.forEach(ArrayList.java:1511)
... Removed 31 stack frames]]>
    </failure>
  </testcase> <!-- @BeforeMethod loginToApp -->
  <testcase classname="Practice_Package.BaseClass" name="@AfterMethod logoutApp" time="-1.679903148489E9">
    <skipped/>
  </testcase> <!-- @AfterMethod logoutApp -->
  <testcase classname="Practice_Package.BaseClass" name="@AfterClass closeBrowser" time="-1.6799031485E9">
    <skipped/>
  </testcase> <!-- @AfterClass closeBrowser -->
  <testcase classname="Practice_Package.BaseClass" name="@BeforeClass launchBrowser" time="-1.679903148507E9">
    <skipped/>
  </testcase> <!-- @BeforeClass launchBrowser -->
  <testcase classname="Practice_Package.BaseClass" name="@BeforeMethod loginToApp" time="0.0">
    <failure type="java.lang.NullPointerException" message="Cannot invoke &amp;quot;org.openqa.selenium.WebDriver.findElement(org.openqa.selenium.By)&amp;quot; because &amp;quot;this.driver&amp;quot; is null">
      <![CDATA[java.lang.NullPointerException: Cannot invoke "org.openqa.selenium.WebDriver.findElement(org.openqa.selenium.By)" because "this.driver" is null
at Practice_Package.BaseClass.loginToApp(BaseClass.java:44)
at java.base/java.util.ArrayList.forEach(ArrayList.java:1511)
... Removed 31 stack frames]]>
    </failure>
  </testcase> <!-- @BeforeMethod loginToApp -->
  <testcase classname="Practice_Package.BaseClass" name="@AfterMethod logoutApp" time="-1.679903148535E9">
    <skipped/>
  </testcase> <!-- @AfterMethod logoutApp -->
  <testcase classname="Practice_Package.BaseClass" name="@BeforeMethod loginToApp" time="0.001">
    <failure type="java.lang.NullPointerException" message="Cannot invoke &amp;quot;org.openqa.selenium.WebDriver.findElement(org.openqa.selenium.By)&amp;quot; because &amp;quot;this.driver&amp;quot; is null">
      <![CDATA[java.lang.NullPointerException: Cannot invoke "org.openqa.selenium.WebDriver.findElement(org.openqa.selenium.By)" because "this.driver" is null
at Practice_Package.BaseClass.loginToApp(BaseClass.java:44)
at java.base/java.util.ArrayList.forEach(ArrayList.java:1511)
... Removed 31 stack frames]]>
    </failure>
  </testcase> <!-- @BeforeMethod loginToApp -->
  <testcase classname="Practice_Package.BaseClass" name="@AfterMethod logoutApp" time="-1.679903148563E9">
    <skipped/>
  </testcase> <!-- @AfterMethod logoutApp -->
  <testcase classname="Practice_Package.BaseClass" name="@AfterClass closeBrowser" time="-1.679903148575E9">
    <skipped/>
  </testcase> <!-- @AfterClass closeBrowser -->
  <testcase classname="Practice_Package.Test_1" name="script1" time="0.0">
    <skipped/>
  </testcase> <!-- script1 -->
  <testcase classname="Practice_Package.Test_1" name="script2" time="0.0">
    <skipped/>
  </testcase> <!-- script2 -->
  <testcase classname="Practice_Package.Test_2" name="script3" time="0.0">
    <skipped/>
  </testcase> <!-- script3 -->
  <testcase classname="Practice_Package.Test_2" name="script4" time="0.0">
    <skipped/>
  </testcase> <!-- script4 -->
  <testcase classname="Practice_Package.Test_3" name="script5" time="0.0">
    <skipped/>
  </testcase> <!-- script5 -->
  <testcase classname="Practice_Package.Test_3" name="script6" time="0.0">
    <skipped/>
  </testcase> <!-- script6 -->
  <testcase classname="Practice_Package.BaseClass" name="@BeforeSuite launchBrowser" time="0.0">
    <ignored/>
  </testcase> <!-- @BeforeSuite launchBrowser -->
  <testcase classname="Practice_Package.BaseClass" name="@BeforeSuite launchBrowser" time="0.0">
    <ignored/>
  </testcase> <!-- @BeforeSuite launchBrowser -->
</testsuite> <!-- Test1 -->
