<?xml version="1.0" encoding="UTF-8"?>
<!-- Generated by org.testng.reporters.JUnitXMLReporter -->
<testsuite ignored="4" hostname="INBOOK_X1_SLIM" failures="0" tests="6" name="Test Runner2" time="1.954" errors="0" timestamp="2023-03-27T12:19:26 IST">
  <testcase classname="com.GenericUtility.BaseClass" name="@BeforeClass classConfiguration" time="1.087">
    <failure type="io.github.bonigarcia.wdm.config.WebDriverManagerException" message="io.github.bonigarcia.wdm.config.WebDriverManagerException: java.net.UnknownHostException: msedgedriver.azureedge.net">
      <![CDATA[io.github.bonigarcia.wdm.config.WebDriverManagerException: io.github.bonigarcia.wdm.config.WebDriverManagerException: java.net.UnknownHostException: msedgedriver.azureedge.net
at io.github.bonigarcia.wdm.WebDriverManager.handleException(WebDriverManager.java:1422)
at io.github.bonigarcia.wdm.WebDriverManager.manage(WebDriverManager.java:1203)
at io.github.bonigarcia.wdm.WebDriverManager.fallback(WebDriverManager.java:1438)
at io.github.bonigarcia.wdm.WebDriverManager.handleException(WebDriverManager.java:1419)
at io.github.bonigarcia.wdm.WebDriverManager.manage(WebDriverManager.java:1203)
at io.github.bonigarcia.wdm.WebDriverManager.handleException(WebDriverManager.java:1412)
at io.github.bonigarcia.wdm.WebDriverManager.manage(WebDriverManager.java:1203)
at io.github.bonigarcia.wdm.WebDriverManager.setup(WebDriverManager.java:418)
at com.GenericUtility.WebDriverUtility.openBrowser(WebDriverUtility.java:243)
at com.GenericUtility.BaseClass.classConfiguration(BaseClass.java:70)
at java.base/java.util.ArrayList.forEach(ArrayList.java:1511)
at java.base/java.util.concurrent.FutureTask.run(FutureTask.java:264)
at java.base/java.util.concurrent.ThreadPoolExecutor.runWorker(ThreadPoolExecutor.java:1136)
at java.base/java.util.concurrent.ThreadPoolExecutor$Worker.run(ThreadPoolExecutor.java:635)
at java.base/java.lang.Thread.run(Thread.java:833)
Caused by: io.github.bonigarcia.wdm.config.WebDriverManagerException: java.net.UnknownHostException: msedgedriver.azureedge.net
at io.github.bonigarcia.wdm.WebDriverManager.getDriversFromXml(WebDriverManager.java:1576)
at io.github.bonigarcia.wdm.managers.EdgeDriverManager.getDriverUrls(EdgeDriverManager.java:113)
at io.github.bonigarcia.wdm.WebDriverManager.createUrlHandler(WebDriverManager.java:1443)
at io.github.bonigarcia.wdm.WebDriverManager.download(WebDriverManager.java:1278)
at io.github.bonigarcia.wdm.WebDriverManager.manage(WebDriverManager.java:1197)
... 29 more
Caused by: java.net.UnknownHostException: msedgedriver.azureedge.net
at java.base/java.net.InetAddress$CachedAddresses.get(InetAddress.java:801)
at java.base/java.net.InetAddress.getAllByName0(InetAddress.java:1519)
at java.base/java.net.InetAddress.getAllByName(InetAddress.java:1377)
at java.base/java.net.InetAddress.getAllByName(InetAddress.java:1305)
at org.apache.hc.client5.http.SystemDefaultDnsResolver.resolve(SystemDefaultDnsResolver.java:43)
at org.apache.hc.client5.http.impl.io.DefaultHttpClientConnectionOperator.connect(DefaultHttpClientConnectionOperator.java:118)
at org.apache.hc.client5.http.impl.io.PoolingHttpClientConnectionManager.connect(PoolingHttpClientConnectionManager.java:396)
at org.apache.hc.client5.http.impl.classic.InternalExecRuntime.connectEndpoint(InternalExecRuntime.java:158)
at org.apache.hc.client5.http.impl.classic.InternalExecRuntime.connectEndpoint(InternalExecRuntime.java:168)
at org.apache.hc.client5.http.impl.classic.ConnectExec.execute(ConnectExec.java:136)
at org.apache.hc.client5.http.impl.classic.ExecChainElement.execute(ExecChainElement.java:51)
at org.apache.hc.client5.http.impl.classic.ExecChainElement$1.proceed(ExecChainElement.java:57)
at org.apache.hc.client5.http.impl.classic.ProtocolExec.execute(ProtocolExec.java:175)
at org.apache.hc.client5.http.impl.classic.ExecChainElement.execute(ExecChainElement.java:51)
at org.apache.hc.client5.http.impl.classic.ExecChainElement$1.proceed(ExecChainElement.java:57)
at org.apache.hc.client5.http.impl.classic.HttpRequestRetryExec.execute(HttpRequestRetryExec.java:96)
at org.apache.hc.client5.http.impl.classic.ExecChainElement.execute(ExecChainElement.java:51)
at org.apache.hc.client5.http.impl.classic.ExecChainElement$1.proceed(ExecChainElement.java:57)
at org.apache.hc.client5.http.impl.classic.ContentCompressionExec.execute(ContentCompressionExec.java:133)
at org.apache.hc.client5.http.impl.classic.ExecChainElement.execute(ExecChainElement.java:51)
at org.apache.hc.client5.http.impl.classic.ExecChainElement$1.proceed(ExecChainElement.java:57)
at org.apache.hc.client5.http.impl.classic.RedirectExec.execute(RedirectExec.java:115)
at org.apache.hc.client5.http.impl.classic.ExecChainElement.execute(ExecChainElement.java:51)
at org.apache.hc.client5.http.impl.classic.InternalHttpClient.doExecute(InternalHttpClient.java:170)
at org.apache.hc.client5.http.impl.classic.CloseableHttpClient.execute(CloseableHttpClient.java:75)
at org.apache.hc.client5.http.impl.classic.CloseableHttpClient.execute(CloseableHttpClient.java:89)
at io.github.bonigarcia.wdm.online.HttpClient.execute(HttpClient.java:158)
at io.github.bonigarcia.wdm.WebDriverManager.getDriversFromXml(WebDriverManager.java:1561)
... 33 more
... Removed 16 stack frames]]>
    </failure>
  </testcase> <!-- @BeforeClass classConfiguration -->
  <testcase classname="com.GenericUtility.BaseClass" name="@BeforeMethod methodConfiguration" time="-1.679899766065E9">
    <skipped/>
  </testcase> <!-- @BeforeMethod methodConfiguration -->
  <testcase classname="com.GenericUtility.BaseClass" name="@AfterMethod methodTearDown" time="-1.679899766078E9">
    <skipped/>
  </testcase> <!-- @AfterMethod methodTearDown -->
  <testcase classname="com.GenericUtility.BaseClass" name="@BeforeMethod methodConfiguration" time="-1.679899766081E9">
    <skipped/>
  </testcase> <!-- @BeforeMethod methodConfiguration -->
  <testcase classname="com.GenericUtility.BaseClass" name="@AfterMethod methodTearDown" time="-1.679899766091E9">
    <skipped/>
  </testcase> <!-- @AfterMethod methodTearDown -->
  <testcase classname="com.GenericUtility.BaseClass" name="@AfterClass classTearDown" time="-1.679899766097E9">
    <skipped/>
  </testcase> <!-- @AfterClass classTearDown -->
  <testcase classname="com.GenericUtility.BaseClass" name="@BeforeClass classConfiguration" time="0.389">
    <failure type="io.github.bonigarcia.wdm.config.WebDriverManagerException" message="io.github.bonigarcia.wdm.config.WebDriverManagerException: java.net.UnknownHostException: msedgedriver.azureedge.net">
      <![CDATA[io.github.bonigarcia.wdm.config.WebDriverManagerException: io.github.bonigarcia.wdm.config.WebDriverManagerException: java.net.UnknownHostException: msedgedriver.azureedge.net
at io.github.bonigarcia.wdm.WebDriverManager.handleException(WebDriverManager.java:1422)
at io.github.bonigarcia.wdm.WebDriverManager.manage(WebDriverManager.java:1203)
at io.github.bonigarcia.wdm.WebDriverManager.fallback(WebDriverManager.java:1438)
at io.github.bonigarcia.wdm.WebDriverManager.handleException(WebDriverManager.java:1419)
at io.github.bonigarcia.wdm.WebDriverManager.manage(WebDriverManager.java:1203)
at io.github.bonigarcia.wdm.WebDriverManager.handleException(WebDriverManager.java:1412)
at io.github.bonigarcia.wdm.WebDriverManager.manage(WebDriverManager.java:1203)
at io.github.bonigarcia.wdm.WebDriverManager.setup(WebDriverManager.java:418)
at com.GenericUtility.WebDriverUtility.openBrowser(WebDriverUtility.java:243)
at com.GenericUtility.BaseClass.classConfiguration(BaseClass.java:70)
at java.base/java.util.ArrayList.forEach(ArrayList.java:1511)
at java.base/java.util.concurrent.FutureTask.run(FutureTask.java:264)
at java.base/java.util.concurrent.ThreadPoolExecutor.runWorker(ThreadPoolExecutor.java:1136)
at java.base/java.util.concurrent.ThreadPoolExecutor$Worker.run(ThreadPoolExecutor.java:635)
at java.base/java.lang.Thread.run(Thread.java:833)
Caused by: io.github.bonigarcia.wdm.config.WebDriverManagerException: java.net.UnknownHostException: msedgedriver.azureedge.net
at io.github.bonigarcia.wdm.WebDriverManager.getDriversFromXml(WebDriverManager.java:1576)
at io.github.bonigarcia.wdm.managers.EdgeDriverManager.getDriverUrls(EdgeDriverManager.java:113)
at io.github.bonigarcia.wdm.WebDriverManager.createUrlHandler(WebDriverManager.java:1443)
at io.github.bonigarcia.wdm.WebDriverManager.download(WebDriverManager.java:1278)
at io.github.bonigarcia.wdm.WebDriverManager.manage(WebDriverManager.java:1197)
... 29 more
Caused by: java.net.UnknownHostException: msedgedriver.azureedge.net
at java.base/java.net.InetAddress$CachedAddresses.get(InetAddress.java:801)
at java.base/java.net.InetAddress.getAllByName0(InetAddress.java:1519)
at java.base/java.net.InetAddress.getAllByName(InetAddress.java:1377)
at java.base/java.net.InetAddress.getAllByName(InetAddress.java:1305)
at org.apache.hc.client5.http.SystemDefaultDnsResolver.resolve(SystemDefaultDnsResolver.java:43)
at org.apache.hc.client5.http.impl.io.DefaultHttpClientConnectionOperator.connect(DefaultHttpClientConnectionOperator.java:118)
at org.apache.hc.client5.http.impl.io.PoolingHttpClientConnectionManager.connect(PoolingHttpClientConnectionManager.java:396)
at org.apache.hc.client5.http.impl.classic.InternalExecRuntime.connectEndpoint(InternalExecRuntime.java:158)
at org.apache.hc.client5.http.impl.classic.InternalExecRuntime.connectEndpoint(InternalExecRuntime.java:168)
at org.apache.hc.client5.http.impl.classic.ConnectExec.execute(ConnectExec.java:136)
at org.apache.hc.client5.http.impl.classic.ExecChainElement.execute(ExecChainElement.java:51)
at org.apache.hc.client5.http.impl.classic.ExecChainElement$1.proceed(ExecChainElement.java:57)
at org.apache.hc.client5.http.impl.classic.ProtocolExec.execute(ProtocolExec.java:175)
at org.apache.hc.client5.http.impl.classic.ExecChainElement.execute(ExecChainElement.java:51)
at org.apache.hc.client5.http.impl.classic.ExecChainElement$1.proceed(ExecChainElement.java:57)
at org.apache.hc.client5.http.impl.classic.HttpRequestRetryExec.execute(HttpRequestRetryExec.java:96)
at org.apache.hc.client5.http.impl.classic.ExecChainElement.execute(ExecChainElement.java:51)
at org.apache.hc.client5.http.impl.classic.ExecChainElement$1.proceed(ExecChainElement.java:57)
at org.apache.hc.client5.http.impl.classic.ContentCompressionExec.execute(ContentCompressionExec.java:133)
at org.apache.hc.client5.http.impl.classic.ExecChainElement.execute(ExecChainElement.java:51)
at org.apache.hc.client5.http.impl.classic.ExecChainElement$1.proceed(ExecChainElement.java:57)
at org.apache.hc.client5.http.impl.classic.RedirectExec.execute(RedirectExec.java:115)
at org.apache.hc.client5.http.impl.classic.ExecChainElement.execute(ExecChainElement.java:51)
at org.apache.hc.client5.http.impl.classic.InternalHttpClient.doExecute(InternalHttpClient.java:170)
at org.apache.hc.client5.http.impl.classic.CloseableHttpClient.execute(CloseableHttpClient.java:75)
at org.apache.hc.client5.http.impl.classic.CloseableHttpClient.execute(CloseableHttpClient.java:89)
at io.github.bonigarcia.wdm.online.HttpClient.execute(HttpClient.java:158)
at io.github.bonigarcia.wdm.WebDriverManager.getDriversFromXml(WebDriverManager.java:1561)
... 33 more
... Removed 16 stack frames]]>
    </failure>
  </testcase> <!-- @BeforeClass classConfiguration -->
  <testcase classname="com.GenericUtility.BaseClass" name="@BeforeMethod methodConfiguration" time="-1.679899766503E9">
    <skipped/>
  </testcase> <!-- @BeforeMethod methodConfiguration -->
  <testcase classname="com.GenericUtility.BaseClass" name="@AfterMethod methodTearDown" time="-1.679899766522E9">
    <skipped/>
  </testcase> <!-- @AfterMethod methodTearDown -->
  <testcase classname="com.GenericUtility.BaseClass" name="@BeforeMethod methodConfiguration" time="-1.679899766531E9">
    <skipped/>
  </testcase> <!-- @BeforeMethod methodConfiguration -->
  <testcase classname="com.GenericUtility.BaseClass" name="@AfterMethod methodTearDown" time="-1.679899766536E9">
    <skipped/>
  </testcase> <!-- @AfterMethod methodTearDown -->
  <testcase classname="com.GenericUtility.BaseClass" name="@AfterClass classTearDown" time="-1.67989976654E9">
    <skipped/>
  </testcase> <!-- @AfterClass classTearDown -->
  <testcase classname="com.GenericUtility.BaseClass" name="@BeforeClass classConfiguration" time="0.299">
    <failure type="io.github.bonigarcia.wdm.config.WebDriverManagerException" message="io.github.bonigarcia.wdm.config.WebDriverManagerException: java.net.UnknownHostException: msedgedriver.azureedge.net">
      <![CDATA[io.github.bonigarcia.wdm.config.WebDriverManagerException: io.github.bonigarcia.wdm.config.WebDriverManagerException: java.net.UnknownHostException: msedgedriver.azureedge.net
at io.github.bonigarcia.wdm.WebDriverManager.handleException(WebDriverManager.java:1422)
at io.github.bonigarcia.wdm.WebDriverManager.manage(WebDriverManager.java:1203)
at io.github.bonigarcia.wdm.WebDriverManager.fallback(WebDriverManager.java:1438)
at io.github.bonigarcia.wdm.WebDriverManager.handleException(WebDriverManager.java:1419)
at io.github.bonigarcia.wdm.WebDriverManager.manage(WebDriverManager.java:1203)
at io.github.bonigarcia.wdm.WebDriverManager.handleException(WebDriverManager.java:1412)
at io.github.bonigarcia.wdm.WebDriverManager.manage(WebDriverManager.java:1203)
at io.github.bonigarcia.wdm.WebDriverManager.setup(WebDriverManager.java:418)
at com.GenericUtility.WebDriverUtility.openBrowser(WebDriverUtility.java:243)
at com.GenericUtility.BaseClass.classConfiguration(BaseClass.java:70)
at java.base/java.util.ArrayList.forEach(ArrayList.java:1511)
at java.base/java.util.concurrent.FutureTask.run(FutureTask.java:264)
at java.base/java.util.concurrent.ThreadPoolExecutor.runWorker(ThreadPoolExecutor.java:1136)
at java.base/java.util.concurrent.ThreadPoolExecutor$Worker.run(ThreadPoolExecutor.java:635)
at java.base/java.lang.Thread.run(Thread.java:833)
Caused by: io.github.bonigarcia.wdm.config.WebDriverManagerException: java.net.UnknownHostException: msedgedriver.azureedge.net
at io.github.bonigarcia.wdm.WebDriverManager.getDriversFromXml(WebDriverManager.java:1576)
at io.github.bonigarcia.wdm.managers.EdgeDriverManager.getDriverUrls(EdgeDriverManager.java:113)
at io.github.bonigarcia.wdm.WebDriverManager.createUrlHandler(WebDriverManager.java:1443)
at io.github.bonigarcia.wdm.WebDriverManager.download(WebDriverManager.java:1278)
at io.github.bonigarcia.wdm.WebDriverManager.manage(WebDriverManager.java:1197)
... 29 more
Caused by: java.net.UnknownHostException: msedgedriver.azureedge.net
at java.base/java.net.InetAddress$CachedAddresses.get(InetAddress.java:801)
at java.base/java.net.InetAddress.getAllByName0(InetAddress.java:1519)
at java.base/java.net.InetAddress.getAllByName(InetAddress.java:1377)
at java.base/java.net.InetAddress.getAllByName(InetAddress.java:1305)
at org.apache.hc.client5.http.SystemDefaultDnsResolver.resolve(SystemDefaultDnsResolver.java:43)
at org.apache.hc.client5.http.impl.io.DefaultHttpClientConnectionOperator.connect(DefaultHttpClientConnectionOperator.java:118)
at org.apache.hc.client5.http.impl.io.PoolingHttpClientConnectionManager.connect(PoolingHttpClientConnectionManager.java:396)
at org.apache.hc.client5.http.impl.classic.InternalExecRuntime.connectEndpoint(InternalExecRuntime.java:158)
at org.apache.hc.client5.http.impl.classic.InternalExecRuntime.connectEndpoint(InternalExecRuntime.java:168)
at org.apache.hc.client5.http.impl.classic.ConnectExec.execute(ConnectExec.java:136)
at org.apache.hc.client5.http.impl.classic.ExecChainElement.execute(ExecChainElement.java:51)
at org.apache.hc.client5.http.impl.classic.ExecChainElement$1.proceed(ExecChainElement.java:57)
at org.apache.hc.client5.http.impl.classic.ProtocolExec.execute(ProtocolExec.java:175)
at org.apache.hc.client5.http.impl.classic.ExecChainElement.execute(ExecChainElement.java:51)
at org.apache.hc.client5.http.impl.classic.ExecChainElement$1.proceed(ExecChainElement.java:57)
at org.apache.hc.client5.http.impl.classic.HttpRequestRetryExec.execute(HttpRequestRetryExec.java:96)
at org.apache.hc.client5.http.impl.classic.ExecChainElement.execute(ExecChainElement.java:51)
at org.apache.hc.client5.http.impl.classic.ExecChainElement$1.proceed(ExecChainElement.java:57)
at org.apache.hc.client5.http.impl.classic.ContentCompressionExec.execute(ContentCompressionExec.java:133)
at org.apache.hc.client5.http.impl.classic.ExecChainElement.execute(ExecChainElement.java:51)
at org.apache.hc.client5.http.impl.classic.ExecChainElement$1.proceed(ExecChainElement.java:57)
at org.apache.hc.client5.http.impl.classic.RedirectExec.execute(RedirectExec.java:115)
at org.apache.hc.client5.http.impl.classic.ExecChainElement.execute(ExecChainElement.java:51)
at org.apache.hc.client5.http.impl.classic.InternalHttpClient.doExecute(InternalHttpClient.java:170)
at org.apache.hc.client5.http.impl.classic.CloseableHttpClient.execute(CloseableHttpClient.java:75)
at org.apache.hc.client5.http.impl.classic.CloseableHttpClient.execute(CloseableHttpClient.java:89)
at io.github.bonigarcia.wdm.online.HttpClient.execute(HttpClient.java:158)
at io.github.bonigarcia.wdm.WebDriverManager.getDriversFromXml(WebDriverManager.java:1561)
... 33 more
... Removed 16 stack frames]]>
    </failure>
  </testcase> <!-- @BeforeClass classConfiguration -->
  <testcase classname="com.GenericUtility.BaseClass" name="@BeforeMethod methodConfiguration" time="-1.679899766844E9">
    <skipped/>
  </testcase> <!-- @BeforeMethod methodConfiguration -->
  <testcase classname="com.GenericUtility.BaseClass" name="@AfterMethod methodTearDown" time="-1.679899766848E9">
    <skipped/>
  </testcase> <!-- @AfterMethod methodTearDown -->
  <testcase classname="com.GenericUtility.BaseClass" name="@BeforeMethod methodConfiguration" time="-1.67989976685E9">
    <skipped/>
  </testcase> <!-- @BeforeMethod methodConfiguration -->
  <testcase classname="com.GenericUtility.BaseClass" name="@AfterMethod methodTearDown" time="-1.679899766861E9">
    <skipped/>
  </testcase> <!-- @AfterMethod methodTearDown -->
  <testcase classname="com.GenericUtility.BaseClass" name="@AfterClass classTearDown" time="-1.679899766863E9">
    <skipped/>
  </testcase> <!-- @AfterClass classTearDown -->
  <testcase classname="Practice_Package.Test_1" name="script1" time="0.0">
    <skipped/>
  </testcase> <!-- script1 -->
  <testcase classname="Practice_Package.Test_1" name="script2" time="0.0">
    <skipped/>
  </testcase> <!-- script2 -->
  <testcase classname="Practice_Package.Test_2" name="script3" time="0.0">
    <skipped/>
  </testcase> <!-- script3 -->
  <testcase classname="Practice_Package.Test_2" name="script4" time="0.0">
    <skipped/>
  </testcase> <!-- script4 -->
  <testcase classname="Practice_Package.Test_3" name="script5" time="0.0">
    <skipped/>
  </testcase> <!-- script5 -->
  <testcase classname="Practice_Package.Test_3" name="script6" time="0.0">
    <skipped/>
  </testcase> <!-- script6 -->
  <testcase classname="com.GenericUtility.BaseClass" name="@AfterSuite suiteTearDown" time="0.0">
    <ignored/>
  </testcase> <!-- @AfterSuite suiteTearDown -->
  <testcase classname="com.GenericUtility.BaseClass" name="@AfterSuite suiteTearDown" time="0.0">
    <ignored/>
  </testcase> <!-- @AfterSuite suiteTearDown -->
  <testcase classname="com.GenericUtility.BaseClass" name="@BeforeSuite suiteConfiguration" time="0.0">
    <ignored/>
  </testcase> <!-- @BeforeSuite suiteConfiguration -->
  <testcase classname="com.GenericUtility.BaseClass" name="@BeforeSuite suiteConfiguration" time="0.0">
    <ignored/>
  </testcase> <!-- @BeforeSuite suiteConfiguration -->
</testsuite> <!-- Test Runner2 -->
