<?xml version="1.0" encoding="UTF-8"?>
<testng-results ignored="8" total="13" passed="5" failed="0" skipped="0">
  <reporter-output>
  </reporter-output>
  <suite started-at="2023-04-07T09:14:18 IST" name="Suite" finished-at="2023-04-07T09:15:01 IST" duration-ms="43308">
    <groups>
    </groups>
    <test started-at="2023-04-07T09:14:18 IST" name="Test" finished-at="2023-04-07T09:15:01 IST" duration-ms="43308">
      <class name="TestScript.Script5">
        <test-method is-config="true" signature="classConfiguration()[pri:0, instance:TestScript.Script5@7205765b]" started-at="2023-04-07T09:14:27 IST" name="classConfiguration" finished-at="2023-04-07T09:14:28 IST" duration-ms="1526" status="PASS">
          <reporter-output>
          </reporter-output>
        </test-method> <!-- classConfiguration -->
        <test-method is-config="true" signature="methodConfiguration()[pri:0, instance:TestScript.Script5@7205765b]" started-at="2023-04-07T09:14:28 IST" name="methodConfiguration" finished-at="2023-04-07T09:14:28 IST" duration-ms="11" status="PASS">
          <reporter-output>
          </reporter-output>
        </test-method> <!-- methodConfiguration -->
        <test-method signature="script5()[pri:0, instance:TestScript.Script5@7205765b]" started-at="2023-04-07T09:14:28 IST" name="script5" finished-at="2023-04-07T09:14:33 IST" duration-ms="5180" status="PASS">
          <reporter-output>
          </reporter-output>
        </test-method> <!-- script5 -->
        <test-method is-config="true" signature="methodTearDown()[pri:0, instance:TestScript.Script5@7205765b]" started-at="2023-04-07T09:14:33 IST" name="methodTearDown" finished-at="2023-04-07T09:14:33 IST" duration-ms="0" status="PASS">
          <reporter-output>
          </reporter-output>
        </test-method> <!-- methodTearDown -->
        <test-method is-config="true" signature="classTearDown()[pri:0, instance:TestScript.Script5@7205765b]" started-at="2023-04-07T09:14:33 IST" name="classTearDown" finished-at="2023-04-07T09:14:34 IST" duration-ms="327" status="PASS">
          <reporter-output>
          </reporter-output>
        </test-method> <!-- classTearDown -->
      </class> <!-- TestScript.Script5 -->
      <class name="TestScript.Script4">
        <test-method is-config="true" signature="classConfiguration()[pri:0, instance:TestScript.Script4@47987356]" started-at="2023-04-07T09:14:34 IST" name="classConfiguration" finished-at="2023-04-07T09:14:35 IST" duration-ms="1403" status="PASS">
          <reporter-output>
          </reporter-output>
        </test-method> <!-- classConfiguration -->
        <test-method is-config="true" signature="methodConfiguration()[pri:0, instance:TestScript.Script4@47987356]" started-at="2023-04-07T09:14:35 IST" name="methodConfiguration" finished-at="2023-04-07T09:14:35 IST" duration-ms="4" status="PASS">
          <reporter-output>
          </reporter-output>
        </test-method> <!-- methodConfiguration -->
        <test-method signature="script4()[pri:0, instance:TestScript.Script4@47987356]" started-at="2023-04-07T09:14:35 IST" name="script4" finished-at="2023-04-07T09:14:52 IST" duration-ms="17334" status="PASS">
          <reporter-output>
          </reporter-output>
        </test-method> <!-- script4 -->
        <test-method is-config="true" signature="methodTearDown()[pri:0, instance:TestScript.Script4@47987356]" started-at="2023-04-07T09:14:52 IST" name="methodTearDown" finished-at="2023-04-07T09:14:52 IST" duration-ms="2" status="PASS">
          <reporter-output>
          </reporter-output>
        </test-method> <!-- methodTearDown -->
        <test-method is-config="true" signature="classTearDown()[pri:0, instance:TestScript.Script4@47987356]" started-at="2023-04-07T09:14:52 IST" name="classTearDown" finished-at="2023-04-07T09:14:53 IST" duration-ms="302" status="PASS">
          <reporter-output>
          </reporter-output>
        </test-method> <!-- classTearDown -->
      </class> <!-- TestScript.Script4 -->
      <class name="TestScript.Script1">
        <test-method is-config="true" signature="suiteConfiguration()[pri:0, instance:TestScript.Script1@7fee8714]" started-at="2023-04-07T09:14:18 IST" name="suiteConfiguration" finished-at="2023-04-07T09:14:18 IST" duration-ms="299" status="PASS">
          <reporter-output>
          </reporter-output>
        </test-method> <!-- suiteConfiguration -->
        <test-method is-config="true" signature="classConfiguration()[pri:0, instance:TestScript.Script1@7fee8714]" started-at="2023-04-07T09:14:18 IST" name="classConfiguration" finished-at="2023-04-07T09:14:22 IST" duration-ms="3655" status="PASS">
          <reporter-output>
          </reporter-output>
        </test-method> <!-- classConfiguration -->
        <test-method is-config="true" signature="methodConfiguration()[pri:0, instance:TestScript.Script1@7fee8714]" started-at="2023-04-07T09:14:22 IST" name="methodConfiguration" finished-at="2023-04-07T09:14:22 IST" duration-ms="109" status="PASS">
          <reporter-output>
          </reporter-output>
        </test-method> <!-- methodConfiguration -->
        <test-method signature="individualHomeRegistration()[pri:0, instance:TestScript.Script1@7fee8714]" started-at="2023-04-07T09:14:22 IST" name="individualHomeRegistration" finished-at="2023-04-07T09:14:26 IST" duration-ms="4492" status="PASS">
          <reporter-output>
          </reporter-output>
        </test-method> <!-- individualHomeRegistration -->
        <test-method is-config="true" signature="methodTearDown()[pri:0, instance:TestScript.Script1@7fee8714]" started-at="2023-04-07T09:14:26 IST" name="methodTearDown" finished-at="2023-04-07T09:14:26 IST" duration-ms="1" status="PASS">
          <reporter-output>
          </reporter-output>
        </test-method> <!-- methodTearDown -->
        <test-method is-config="true" signature="classTearDown()[pri:0, instance:TestScript.Script1@7fee8714]" started-at="2023-04-07T09:14:26 IST" name="classTearDown" finished-at="2023-04-07T09:14:27 IST" duration-ms="325" status="PASS">
          <reporter-output>
          </reporter-output>
        </test-method> <!-- classTearDown -->
        <test-method is-config="true" signature="suiteTearDown()[pri:0, instance:TestScript.Script1@7fee8714]" started-at="2023-04-07T09:15:01 IST" name="suiteTearDown" finished-at="2023-04-07T09:15:01 IST" duration-ms="9" status="PASS">
          <reporter-output>
          </reporter-output>
        </test-method> <!-- suiteTearDown -->
      </class> <!-- TestScript.Script1 -->
      <class name="TestScript.Script3">
        <test-method is-config="true" signature="classConfiguration()[pri:0, instance:TestScript.Script3@22ef9844]" started-at="2023-04-07T09:14:53 IST" name="classConfiguration" finished-at="2023-04-07T09:14:54 IST" duration-ms="1369" status="PASS">
          <reporter-output>
          </reporter-output>
        </test-method> <!-- classConfiguration -->
        <test-method is-config="true" signature="methodConfiguration()[pri:0, instance:TestScript.Script3@22ef9844]" started-at="2023-04-07T09:14:54 IST" name="methodConfiguration" finished-at="2023-04-07T09:14:54 IST" duration-ms="9" status="PASS">
          <reporter-output>
          </reporter-output>
        </test-method> <!-- methodConfiguration -->
        <test-method signature="script3()[pri:0, instance:TestScript.Script3@22ef9844]" started-at="2023-04-07T09:14:54 IST" name="script3" finished-at="2023-04-07T09:14:56 IST" duration-ms="1511" status="PASS">
          <reporter-output>
          </reporter-output>
        </test-method> <!-- script3 -->
        <test-method is-config="true" signature="classTearDown()[pri:0, instance:TestScript.Script3@22ef9844]" started-at="2023-04-07T09:14:56 IST" name="classTearDown" finished-at="2023-04-07T09:14:56 IST" duration-ms="187" status="PASS">
          <reporter-output>
          </reporter-output>
        </test-method> <!-- classTearDown -->
        <test-method is-config="true" signature="methodTearDown()[pri:0, instance:TestScript.Script3@22ef9844]" started-at="2023-04-07T09:14:56 IST" name="methodTearDown" finished-at="2023-04-07T09:14:56 IST" duration-ms="0" status="PASS">
          <reporter-output>
          </reporter-output>
        </test-method> <!-- methodTearDown -->
      </class> <!-- TestScript.Script3 -->
      <class name="TestScript.Script2">
        <test-method is-config="true" signature="classConfiguration()[pri:0, instance:TestScript.Script2@6283d8b8]" started-at="2023-04-07T09:14:56 IST" name="classConfiguration" finished-at="2023-04-07T09:14:57 IST" duration-ms="1301" status="PASS">
          <reporter-output>
          </reporter-output>
        </test-method> <!-- classConfiguration -->
        <test-method is-config="true" signature="methodConfiguration()[pri:0, instance:TestScript.Script2@6283d8b8]" started-at="2023-04-07T09:14:57 IST" name="methodConfiguration" finished-at="2023-04-07T09:14:57 IST" duration-ms="0" status="PASS">
          <reporter-output>
          </reporter-output>
        </test-method> <!-- methodConfiguration -->
        <test-method signature="script2()[pri:0, instance:TestScript.Script2@6283d8b8]" started-at="2023-04-07T09:14:57 IST" name="script2" finished-at="2023-04-07T09:15:01 IST" duration-ms="3919" status="PASS">
          <reporter-output>
          </reporter-output>
        </test-method> <!-- script2 -->
        <test-method is-config="true" signature="methodTearDown()[pri:0, instance:TestScript.Script2@6283d8b8]" started-at="2023-04-07T09:15:01 IST" name="methodTearDown" finished-at="2023-04-07T09:15:01 IST" duration-ms="1" status="PASS">
          <reporter-output>
          </reporter-output>
        </test-method> <!-- methodTearDown -->
        <test-method is-config="true" signature="classTearDown()[pri:0, instance:TestScript.Script2@6283d8b8]" started-at="2023-04-07T09:15:01 IST" name="classTearDown" finished-at="2023-04-07T09:15:01 IST" duration-ms="233" status="PASS">
          <reporter-output>
          </reporter-output>
        </test-method> <!-- classTearDown -->
      </class> <!-- TestScript.Script2 -->
    </test> <!-- Test -->
  </suite> <!-- Suite -->
</testng-results>
